admin‣MEETING: 7.00
MEETING.cpp
"C:\Program Files (x86)\Themis\gcc\bin\g++.exe" -std=c++17 "MEETING.cpp" -pipe -O2 -s -static -lm -x c++ -o"MEETING.exe" -Wl,--stack,66060288|@WorkDir=C:\ProgramData\ThemisWorkSpace\WaitRoom63609\
Dịch thành công.

admin‣MEETING‣TEST1: 0.35
Thời gian ≈ 0.131546000 giây
Kết quả khớp đáp án!
admin‣MEETING‣TEST10: 0.35
Thời gian ≈ 0.185379500 giây
Kết quả khớp đáp án!
admin‣MEETING‣TEST11: 0.35
Thời gian ≈ 0.149904500 giây
Kết quả khớp đáp án!
admin‣MEETING‣TEST12: 0.35
Thời gian ≈ 0.230996500 giây
Kết quả khớp đáp án!
admin‣MEETING‣TEST13: 0.35
Thời gian ≈ 0.242427300 giây
Kết quả khớp đáp án!
admin‣MEETING‣TEST14: 0.35
Thời gian ≈ 0.269888800 giây
Kết quả khớp đáp án!
admin‣MEETING‣TEST15: 0.35
Thời gian ≈ 0.194222800 giây
Kết quả khớp đáp án!
admin‣MEETING‣TEST16: 0.35
Thời gian ≈ 0.336437800 giây
Kết quả khớp đáp án!
admin‣MEETING‣TEST17: 0.35
Thời gian ≈ 0.282254200 giây
Kết quả khớp đáp án!
admin‣MEETING‣TEST18: 0.35
Thời gian ≈ 0.268493100 giây
Kết quả khớp đáp án!
admin‣MEETING‣TEST19: 0.35
Thời gian ≈ 0.361751600 giây
Kết quả khớp đáp án!
admin‣MEETING‣TEST2: 0.35
Thời gian ≈ 0.079994300 giây
Kết quả khớp đáp án!
admin‣MEETING‣TEST20: 0.35
Thời gian ≈ 0.351131600 giây
Kết quả khớp đáp án!
admin‣MEETING‣TEST3: 0.35
Thời gian ≈ 0.095152500 giây
Kết quả khớp đáp án!
admin‣MEETING‣TEST4: 0.35
Thời gian ≈ 0.113356100 giây
Kết quả khớp đáp án!
admin‣MEETING‣TEST5: 0.35
Thời gian ≈ 0.089272700 giây
Kết quả khớp đáp án!
admin‣MEETING‣TEST6: 0.35
Thời gian ≈ 0.110970400 giây
Kết quả khớp đáp án!
admin‣MEETING‣TEST7: 0.35
Thời gian ≈ 0.199282900 giây
Kết quả khớp đáp án!
admin‣MEETING‣TEST8: 0.35
Thời gian ≈ 0.171880800 giây
Kết quả khớp đáp án!
admin‣MEETING‣TEST9: 0.35
Thời gian ≈ 0.152733300 giây
Kết quả khớp đáp án!
